[    84.116] (--) Log file renamed from "/home/neosoft/.local/share/xorg/Xorg.pid-1757.log" to "/home/neosoft/.local/share/xorg/Xorg.0.log"
[    84.117] 
X.Org X Server 1.20.8
X Protocol Version 11, Revision 0
[    84.117] Build Operating System: Linux 4.15.0-124-generic x86_64 Ubuntu
[    84.117] Current Operating System: Linux NeoSOFT 5.4.0-70-generic #78~18.04.1-Ubuntu SMP Sat Mar 20 14:10:07 UTC 2021 x86_64
[    84.117] Kernel command line: BOOT_IMAGE=/boot/vmlinuz-5.4.0-70-generic root=UUID=ec147e42-6cbb-497d-93cc-29d7f444b31e ro quiet splash vt.handoff=1
[    84.117] Build Date: 30 November 2020  05:59:23PM
[    84.117] xorg-server-hwe-18.04 2:1.20.8-2ubuntu2.2~18.04.4 (For technical support please see http://www.ubuntu.com/support) 
[    84.117] Current version of pixman: 0.34.0
[    84.117] 	Before reporting problems, check http://wiki.x.org
	to make sure that you have the latest version.
[    84.117] Markers: (--) probed, (**) from config file, (==) default setting,
	(++) from command line, (!!) notice, (II) informational,
	(WW) warning, (EE) error, (NI) not implemented, (??) unknown.
[    84.117] (==) Log file: "/home/neosoft/.local/share/xorg/Xorg.0.log", Time: Tue Apr  6 09:17:26 2021
[    84.118] (==) Using system config directory "/usr/share/X11/xorg.conf.d"
[    84.120] (==) No Layout section.  Using the first Screen section.
[    84.120] (==) No screen section available. Using defaults.
[    84.120] (**) |-->Screen "Default Screen Section" (0)
[    84.120] (**) |   |-->Monitor "<default monitor>"
[    84.120] (==) No monitor specified for screen "Default Screen Section".
	Using a default monitor configuration.
[    84.120] (==) Automatically adding devices
[    84.120] (==) Automatically enabling devices
[    84.120] (==) Automatically adding GPU devices
[    84.121] (==) Automatically binding GPU devices
[    84.121] (==) Max clients allowed: 256, resource mask: 0x1fffff
[    84.121] (WW) The directory "/usr/share/fonts/X11/cyrillic" does not exist.
[    84.121] 	Entry deleted from font path.
[    84.121] (WW) The directory "/usr/share/fonts/X11/100dpi/" does not exist.
[    84.121] 	Entry deleted from font path.
[    84.121] (WW) The directory "/usr/share/fonts/X11/75dpi/" does not exist.
[    84.121] 	Entry deleted from font path.
[    84.121] (WW) The directory "/usr/share/fonts/X11/100dpi" does not exist.
[    84.121] 	Entry deleted from font path.
[    84.121] (WW) The directory "/usr/share/fonts/X11/75dpi" does not exist.
[    84.121] 	Entry deleted from font path.
[    84.121] (==) FontPath set to:
	/usr/share/fonts/X11/misc,
	/usr/share/fonts/X11/Type1,
	built-ins
[    84.121] (==) ModulePath set to "/usr/lib/xorg/modules"
[    84.121] (II) The server relies on udev to provide the list of input devices.
	If no devices become available, reconfigure udev or disable AutoAddDevices.
[    84.121] (II) Loader magic: 0x55aa7ae13020
[    84.121] (II) Module ABI versions:
[    84.121] 	X.Org ANSI C Emulation: 0.4
[    84.121] 	X.Org Video Driver: 24.1
[    84.121] 	X.Org XInput driver : 24.1
[    84.121] 	X.Org Server Extension : 10.0
[    84.121] (++) using VT number 2

[    84.124] (II) systemd-logind: took control of session /org/freedesktop/login1/session/_33
[    84.125] (II) xfree86: Adding drm device (/dev/dri/card0)
[    84.126] (II) systemd-logind: got fd for /dev/dri/card0 226:0 fd 12 paused 0
[    84.130] (--) PCI:*(0@0:2:0) 8086:0a16:17aa:2214 rev 11, Mem @ 0xf0000000/4194304, 0xe0000000/268435456, I/O @ 0x00003000/64, BIOS @ 0x????????/131072
[    84.130] (II) LoadModule: "glx"
[    84.133] (II) Loading /usr/lib/xorg/modules/extensions/libglx.so
[    84.137] (II) Module glx: vendor="X.Org Foundation"
[    84.137] 	compiled for 1.20.8, module version = 1.0.0
[    84.137] 	ABI class: X.Org Server Extension, version 10.0
[    84.137] (==) Matched modesetting as autoconfigured driver 0
[    84.137] (==) Matched fbdev as autoconfigured driver 1
[    84.137] (==) Matched vesa as autoconfigured driver 2
[    84.137] (==) Assigned the driver to the xf86ConfigLayout
[    84.137] (II) LoadModule: "modesetting"
[    84.138] (II) Loading /usr/lib/xorg/modules/drivers/modesetting_drv.so
[    84.139] (II) Module modesetting: vendor="X.Org Foundation"
[    84.139] 	compiled for 1.20.8, module version = 1.20.8
[    84.139] 	Module class: X.Org Video Driver
[    84.139] 	ABI class: X.Org Video Driver, version 24.1
[    84.139] (II) LoadModule: "fbdev"
[    84.140] (II) Loading /usr/lib/xorg/modules/drivers/fbdev_drv.so
[    84.140] (II) Module fbdev: vendor="X.Org Foundation"
[    84.140] 	compiled for 1.20.1, module version = 0.5.0
[    84.140] 	Module class: X.Org Video Driver
[    84.140] 	ABI class: X.Org Video Driver, version 24.0
[    84.140] (II) LoadModule: "vesa"
[    84.141] (II) Loading /usr/lib/xorg/modules/drivers/vesa_drv.so
[    84.142] (II) Module vesa: vendor="X.Org Foundation"
[    84.142] 	compiled for 1.20.1, module version = 2.4.0
[    84.142] 	Module class: X.Org Video Driver
[    84.142] 	ABI class: X.Org Video Driver, version 24.0
[    84.142] (II) modesetting: Driver for Modesetting Kernel Drivers: kms
[    84.142] (II) FBDEV: driver for framebuffer: fbdev
[    84.142] (II) VESA: driver for VESA chipsets: vesa
[    84.142] xf86EnableIOPorts: failed to set IOPL for I/O (Operation not permitted)
[    84.142] (II) modeset(0): using drv /dev/dri/card0
[    84.142] (WW) Falling back to old probe method for fbdev
[    84.142] (II) Loading sub module "fbdevhw"
[    84.142] (II) LoadModule: "fbdevhw"
[    84.142] (II) Loading /usr/lib/xorg/modules/libfbdevhw.so
[    84.143] (II) Module fbdevhw: vendor="X.Org Foundation"
[    84.143] 	compiled for 1.20.8, module version = 0.0.2
[    84.143] 	ABI class: X.Org Video Driver, version 24.1
[    84.143] (EE) open /dev/fb0: Permission denied
[    84.143] (WW) VGA arbiter: cannot open kernel arbiter, no multi-card support
[    84.143] (II) modeset(0): Creating default Display subsection in Screen section
	"Default Screen Section" for depth/fbbpp 24/32
[    84.143] (==) modeset(0): Depth 24, (==) framebuffer bpp 32
[    84.143] (==) modeset(0): RGB weight 888
[    84.143] (==) modeset(0): Default visual is TrueColor
[    84.143] (II) Loading sub module "glamoregl"
[    84.143] (II) LoadModule: "glamoregl"
[    84.143] (II) Loading /usr/lib/xorg/modules/libglamoregl.so
[    84.148] (II) Module glamoregl: vendor="X.Org Foundation"
[    84.148] 	compiled for 1.20.8, module version = 1.0.1
[    84.148] 	ABI class: X.Org ANSI C Emulation, version 0.4
[    84.163] (II) modeset(0): glamor X acceleration enabled on Mesa DRI Intel(R) HD Graphics 4400 (HSW GT2)
[    84.163] (II) modeset(0): glamor initialized
[    84.164] (II) modeset(0): Output eDP-1 has no monitor section
[    84.164] (II) modeset(0): Output DP-1 has no monitor section
[    84.362] (II) modeset(0): Output HDMI-1 has no monitor section
[    84.362] (II) modeset(0): Output DP-2 has no monitor section
[    84.364] (II) modeset(0): Output HDMI-2 has no monitor section
[    84.376] (II) modeset(0): EDID for output eDP-1
[    84.376] (II) modeset(0): Manufacturer: BOE  Model: 6d9  Serial#: 0
[    84.376] (II) modeset(0): Year: 2016  Week: 1
[    84.376] (II) modeset(0): EDID Version: 1.4
[    84.376] (II) modeset(0): Digital Display Input
[    84.376] (II) modeset(0): 6 bits per channel
[    84.376] (II) modeset(0): Digital interface is DisplayPort
[    84.376] (II) modeset(0): Max Image Size [cm]: horiz.: 28  vert.: 16
[    84.376] (II) modeset(0): Gamma: 2.20
[    84.376] (II) modeset(0): No DPMS capabilities specified
[    84.376] (II) modeset(0): Supported color encodings: RGB 4:4:4 
[    84.376] (II) modeset(0): First detailed timing is preferred mode
[    84.376] (II) modeset(0): Preferred mode is native pixel format and refresh rate
[    84.376] (II) modeset(0): redX: 0.593 redY: 0.349   greenX: 0.337 greenY: 0.566
[    84.376] (II) modeset(0): blueX: 0.163 blueY: 0.123   whiteX: 0.312 whiteY: 0.328
[    84.376] (II) modeset(0): Manufacturer's mask: 0
[    84.376] (II) modeset(0): Supported detailed timing:
[    84.376] (II) modeset(0): clock: 70.1 MHz   Image Size:  277 x 156 mm
[    84.376] (II) modeset(0): h_active: 1366  h_sync: 1414  h_sync_end 1446 h_blank_end 1485 h_border: 0
[    84.376] (II) modeset(0): v_active: 768  v_sync: 772  v_sync_end 776 v_blanking: 787 v_border: 0
[    84.376] (II) modeset(0):  BOE HF
[    84.376] (II) modeset(0):  NT125WHM-N43
[    84.376] (II) modeset(0): EDID (in hex):
[    84.376] (II) modeset(0): 	00ffffffffffff0009e5d90600000000
[    84.376] (II) modeset(0): 	011a0104951c107802d4e09759569129
[    84.377] (II) modeset(0): 	1f505400000001010101010101010101
[    84.377] (II) modeset(0): 	010101010101641b5677500013303020
[    84.377] (II) modeset(0): 	4400159c1000001a0000000000000000
[    84.377] (II) modeset(0): 	00000000000000000000000000fe0042
[    84.377] (II) modeset(0): 	4f452048460a202020202020000000fe
[    84.377] (II) modeset(0): 	004e5431323557484d2d4e34330a00ad
[    84.377] (II) modeset(0): Printing probed modes for output eDP-1
[    84.377] (II) modeset(0): Modeline "1366x768"x60.0   70.12  1366 1414 1446 1485  768 772 776 787 +hsync -vsync (47.2 kHz eP)
[    84.377] (II) modeset(0): Modeline "1360x768"x59.8   84.75  1360 1432 1568 1776  768 771 781 798 -hsync +vsync (47.7 kHz d)
[    84.377] (II) modeset(0): Modeline "1360x768"x60.0   72.00  1360 1408 1440 1520  768 771 781 790 +hsync -vsync (47.4 kHz d)
[    84.377] (II) modeset(0): Modeline "1280x720"x120.0  156.12  1280 1376 1512 1744  720 721 724 746 doublescan -hsync +vsync (89.5 kHz d)
[    84.377] (II) modeset(0): Modeline "1280x720"x120.0  120.75  1280 1304 1320 1360  720 721 724 740 doublescan +hsync -vsync (88.8 kHz d)
[    84.377] (II) modeset(0): Modeline "1280x720"x59.9   74.50  1280 1344 1472 1664  720 723 728 748 -hsync +vsync (44.8 kHz d)
[    84.377] (II) modeset(0): Modeline "1280x720"x59.7   63.75  1280 1328 1360 1440  720 723 728 741 +hsync -vsync (44.3 kHz d)
[    84.377] (II) modeset(0): Modeline "1024x768"x120.1  133.47  1024 1100 1212 1400  768 768 770 794 doublescan -hsync +vsync (95.3 kHz d)
[    84.377] (II) modeset(0): Modeline "1024x768"x60.0   65.00  1024 1048 1184 1344  768 771 777 806 -hsync -vsync (48.4 kHz d)
[    84.377] (II) modeset(0): Modeline "960x720"x120.0  117.00  960 1024 1128 1300  720 720 722 750 doublescan -hsync +vsync (90.0 kHz d)
[    84.377] (II) modeset(0): Modeline "928x696"x120.1  109.15  928 976 1088 1264  696 696 698 719 doublescan -hsync +vsync (86.4 kHz d)
[    84.377] (II) modeset(0): Modeline "896x672"x120.0  102.40  896 960 1060 1224  672 672 674 697 doublescan -hsync +vsync (83.7 kHz d)
[    84.377] (II) modeset(0): Modeline "1024x576"x119.9   98.50  1024 1092 1200 1376  576 577 580 597 doublescan -hsync +vsync (71.6 kHz d)
[    84.377] (II) modeset(0): Modeline "1024x576"x119.9   78.38  1024 1048 1064 1104  576 577 580 592 doublescan +hsync -vsync (71.0 kHz d)
[    84.377] (II) modeset(0): Modeline "1024x576"x59.9   46.50  1024 1064 1160 1296  576 579 584 599 -hsync +vsync (35.9 kHz d)
[    84.377] (II) modeset(0): Modeline "1024x576"x59.8   42.00  1024 1072 1104 1184  576 579 584 593 +hsync -vsync (35.5 kHz d)
[    84.377] (II) modeset(0): Modeline "960x600"x119.9   96.62  960 1028 1128 1296  600 601 604 622 doublescan -hsync +vsync (74.6 kHz d)
[    84.377] (II) modeset(0): Modeline "960x600"x120.0   77.00  960 984 1000 1040  600 601 604 617 doublescan +hsync -vsync (74.0 kHz d)
[    84.377] (II) modeset(0): Modeline "960x540"x119.9   86.50  960 1024 1124 1288  540 541 544 560 doublescan -hsync +vsync (67.2 kHz d)
[    84.377] (II) modeset(0): Modeline "960x540"x120.0   69.25  960 984 1000 1040  540 541 544 555 doublescan +hsync -vsync (66.6 kHz d)
[    84.377] (II) modeset(0): Modeline "960x540"x59.6   40.75  960 992 1088 1216  540 543 548 562 -hsync +vsync (33.5 kHz d)
[    84.377] (II) modeset(0): Modeline "960x540"x59.8   37.25  960 1008 1040 1120  540 543 548 556 +hsync -vsync (33.3 kHz d)
[    84.377] (II) modeset(0): Modeline "800x600"x120.0   81.00  800 832 928 1080  600 600 602 625 doublescan +hsync +vsync (75.0 kHz d)
[    84.377] (II) modeset(0): Modeline "800x600"x60.3   40.00  800 840 968 1056  600 601 605 628 +hsync +vsync (37.9 kHz d)
[    84.377] (II) modeset(0): Modeline "800x600"x56.2   36.00  800 824 896 1024  600 601 603 625 +hsync +vsync (35.2 kHz d)
[    84.377] (II) modeset(0): Modeline "840x525"x120.0   73.12  840 892 980 1120  525 526 529 544 doublescan -hsync +vsync (65.3 kHz d)
[    84.377] (II) modeset(0): Modeline "840x525"x119.8   59.50  840 864 880 920  525 526 529 540 doublescan +hsync -vsync (64.7 kHz d)
[    84.377] (II) modeset(0): Modeline "864x486"x59.9   32.50  864 888 968 1072  486 489 494 506 -hsync +vsync (30.3 kHz d)
[    84.377] (II) modeset(0): Modeline "864x486"x59.6   30.50  864 912 944 1024  486 489 494 500 +hsync -vsync (29.8 kHz d)
[    84.377] (II) modeset(0): Modeline "800x512"x120.3   51.56  800 800 828 832  512 512 514 515 doublescan +hsync +vsync (62.0 kHz d)
[    84.377] (II) modeset(0): Modeline "700x525"x120.0   61.00  700 744 820 940  525 526 532 541 doublescan +hsync +vsync (64.9 kHz d)
[    84.377] (II) modeset(0): Modeline "800x450"x119.9   59.12  800 848 928 1056  450 451 454 467 doublescan -hsync +vsync (56.0 kHz d)
[    84.377] (II) modeset(0): Modeline "800x450"x119.6   48.75  800 824 840 880  450 451 454 463 doublescan +hsync -vsync (55.4 kHz d)
[    84.377] (II) modeset(0): Modeline "640x512"x120.0   54.00  640 664 720 844  512 512 514 533 doublescan +hsync +vsync (64.0 kHz d)
[    84.377] (II) modeset(0): Modeline "720x450"x119.8   53.25  720 760 836 952  450 451 454 467 doublescan -hsync +vsync (55.9 kHz d)
[    84.377] (II) modeset(0): Modeline "700x450"x119.9   51.75  700 740 812 924  450 451 456 467 doublescan -hsync +vsync (56.0 kHz d)
[    84.377] (II) modeset(0): Modeline "700x450"x119.8   43.25  700 724 740 780  450 451 456 463 doublescan +hsync -vsync (55.4 kHz d)
[    84.377] (II) modeset(0): Modeline "640x480"x120.0   54.00  640 688 744 900  480 480 482 500 doublescan +hsync +vsync (60.0 kHz d)
[    84.377] (II) modeset(0): Modeline "640x480"x59.9   25.18  640 656 752 800  480 490 492 525 -hsync -vsync (31.5 kHz d)
[    84.377] (II) modeset(0): Modeline "720x405"x59.5   22.50  720 744 808 896  405 408 413 422 -hsync +vsync (25.1 kHz d)
[    84.377] (II) modeset(0): Modeline "720x405"x59.0   21.75  720 768 800 880  405 408 413 419 +hsync -vsync (24.7 kHz d)
[    84.377] (II) modeset(0): Modeline "684x384"x119.8   42.62  684 720 788 892  384 385 390 399 doublescan -hsync +vsync (47.8 kHz d)
[    84.377] (II) modeset(0): Modeline "684x384"x119.7   36.12  684 708 724 764  384 385 390 395 doublescan +hsync -vsync (47.3 kHz d)
[    84.377] (II) modeset(0): Modeline "680x384"x119.6   42.38  680 716 784 888  384 385 390 399 doublescan -hsync +vsync (47.7 kHz d)
[    84.377] (II) modeset(0): Modeline "680x384"x119.9   36.00  680 704 720 760  384 385 390 395 doublescan +hsync -vsync (47.4 kHz d)
[    84.377] (II) modeset(0): Modeline "640x400"x119.8   41.75  640 676 740 840  400 401 404 415 doublescan -hsync +vsync (49.7 kHz d)
[    84.377] (II) modeset(0): Modeline "640x400"x120.0   35.50  640 664 680 720  400 401 404 411 doublescan +hsync -vsync (49.3 kHz d)
[    84.377] (II) modeset(0): Modeline "576x432"x120.1   40.81  576 608 668 760  432 432 434 447 doublescan -hsync +vsync (53.7 kHz d)
[    84.377] (II) modeset(0): Modeline "640x360"x119.7   37.25  640 672 736 832  360 361 364 374 doublescan -hsync +vsync (44.8 kHz d)
[    84.377] (II) modeset(0): Modeline "640x360"x119.7   31.88  640 664 680 720  360 361 364 370 doublescan +hsync -vsync (44.3 kHz d)
[    84.377] (II) modeset(0): Modeline "640x360"x59.8   18.00  640 664 720 800  360 363 368 376 -hsync +vsync (22.5 kHz d)
[    84.377] (II) modeset(0): Modeline "640x360"x59.3   17.75  640 688 720 800  360 363 368 374 +hsync -vsync (22.2 kHz d)
[    84.377] (II) modeset(0): Modeline "512x384"x120.0   32.50  512 524 592 672  384 385 388 403 doublescan -hsync -vsync (48.4 kHz d)
[    84.377] (II) modeset(0): Modeline "512x288"x120.0   23.25  512 532 580 648  288 289 292 299 doublescan -hsync +vsync (35.9 kHz d)
[    84.377] (II) modeset(0): Modeline "512x288"x119.8   21.00  512 536 552 592  288 289 292 296 doublescan +hsync -vsync (35.5 kHz d)
[    84.377] (II) modeset(0): Modeline "480x270"x119.3   20.38  480 496 544 608  270 271 274 281 doublescan -hsync +vsync (33.5 kHz d)
[    84.377] (II) modeset(0): Modeline "480x270"x119.6   18.62  480 504 520 560  270 271 274 278 doublescan +hsync -vsync (33.3 kHz d)
[    84.377] (II) modeset(0): Modeline "400x300"x120.6   20.00  400 420 484 528  300 300 302 314 doublescan +hsync +vsync (37.9 kHz d)
[    84.378] (II) modeset(0): Modeline "400x300"x112.7   18.00  400 412 448 512  300 300 301 312 doublescan +hsync +vsync (35.2 kHz d)
[    84.378] (II) modeset(0): Modeline "432x243"x119.8   16.25  432 444 484 536  243 244 247 253 doublescan -hsync +vsync (30.3 kHz d)
[    84.378] (II) modeset(0): Modeline "432x243"x119.1   15.25  432 456 472 512  243 244 247 250 doublescan +hsync -vsync (29.8 kHz d)
[    84.378] (II) modeset(0): Modeline "320x240"x120.1   12.59  320 328 376 400  240 245 246 262 doublescan -hsync -vsync (31.5 kHz d)
[    84.378] (II) modeset(0): Modeline "360x202"x119.0   11.25  360 372 404 448  202 204 206 211 doublescan -hsync +vsync (25.1 kHz d)
[    84.378] (II) modeset(0): Modeline "360x202"x118.3   10.88  360 384 400 440  202 204 206 209 doublescan +hsync -vsync (24.7 kHz d)
[    84.378] (II) modeset(0): Modeline "320x180"x119.7    9.00  320 332 360 400  180 181 184 188 doublescan -hsync +vsync (22.5 kHz d)
[    84.378] (II) modeset(0): Modeline "320x180"x118.6    8.88  320 344 360 400  180 181 184 187 doublescan +hsync -vsync (22.2 kHz d)
[    84.378] (II) modeset(0): EDID for output DP-1
[    84.570] (II) modeset(0): EDID for output HDMI-1
[    84.570] (II) modeset(0): EDID for output DP-2
[    84.572] (II) modeset(0): EDID for output HDMI-2
[    84.572] (II) modeset(0): Output eDP-1 connected
[    84.572] (II) modeset(0): Output DP-1 disconnected
[    84.572] (II) modeset(0): Output HDMI-1 disconnected
[    84.572] (II) modeset(0): Output DP-2 disconnected
[    84.572] (II) modeset(0): Output HDMI-2 disconnected
[    84.572] (II) modeset(0): Using exact sizes for initial modes
[    84.572] (II) modeset(0): Output eDP-1 using initial mode 1366x768 +0+0
[    84.572] (==) modeset(0): Using gamma correction (1.0, 1.0, 1.0)
[    84.572] (==) modeset(0): DPI set to (96, 96)
[    84.572] (II) Loading sub module "fb"
[    84.572] (II) LoadModule: "fb"
[    84.572] (II) Loading /usr/lib/xorg/modules/libfb.so
[    84.573] (II) Module fb: vendor="X.Org Foundation"
[    84.573] 	compiled for 1.20.8, module version = 1.0.0
[    84.573] 	ABI class: X.Org ANSI C Emulation, version 0.4
[    84.573] (II) UnloadModule: "fbdev"
[    84.573] (II) Unloading fbdev
[    84.573] (II) UnloadSubModule: "fbdevhw"
[    84.573] (II) Unloading fbdevhw
[    84.573] (II) UnloadModule: "vesa"
[    84.573] (II) Unloading vesa
[    84.589] (==) modeset(0): Backing store enabled
[    84.589] (==) modeset(0): Silken mouse enabled
[    84.642] (II) modeset(0): Initializing kms color map for depth 24, 8 bpc.
[    84.642] (==) modeset(0): DPMS enabled
[    84.643] (II) modeset(0): [DRI2] Setup complete
[    84.643] (II) modeset(0): [DRI2]   DRI driver: i965
[    84.643] (II) modeset(0): [DRI2]   VDPAU driver: va_gl
[    84.643] (II) Initializing extension Generic Event Extension
[    84.643] (II) Initializing extension SHAPE
[    84.643] (II) Initializing extension MIT-SHM
[    84.644] (II) Initializing extension XInputExtension
[    84.644] (II) Initializing extension XTEST
[    84.645] (II) Initializing extension BIG-REQUESTS
[    84.645] (II) Initializing extension SYNC
[    84.645] (II) Initializing extension XKEYBOARD
[    84.645] (II) Initializing extension XC-MISC
[    84.645] (II) Initializing extension SECURITY
[    84.645] (II) Initializing extension XFIXES
[    84.645] (II) Initializing extension RENDER
[    84.645] (II) Initializing extension RANDR
[    84.646] (II) Initializing extension COMPOSITE
[    84.646] (II) Initializing extension DAMAGE
[    84.646] (II) Initializing extension MIT-SCREEN-SAVER
[    84.646] (II) Initializing extension DOUBLE-BUFFER
[    84.646] (II) Initializing extension RECORD
[    84.647] (II) Initializing extension DPMS
[    84.647] (II) Initializing extension Present
[    84.647] (II) Initializing extension DRI3
[    84.647] (II) Initializing extension X-Resource
[    84.647] (II) Initializing extension XVideo
[    84.647] (II) Initializing extension XVideo-MotionCompensation
[    84.647] (II) Initializing extension SELinux
[    84.647] (II) SELinux: Disabled on system
[    84.647] (II) Initializing extension GLX
[    84.655] (II) AIGLX: Loaded and initialized i965
[    84.655] (II) GLX: Initialized DRI2 GL provider for screen 0
[    84.655] (II) Initializing extension XFree86-VidModeExtension
[    84.655] (II) Initializing extension XFree86-DGA
[    84.655] (II) Initializing extension XFree86-DRI
[    84.655] (II) Initializing extension DRI2
[    84.658] (II) modeset(0): Damage tracking initialized
[    84.658] (II) modeset(0): Setting screen physical size to 361 x 203
[    84.694] (II) config/udev: Adding input device Power Button (/dev/input/event2)
[    84.694] (**) Power Button: Applying InputClass "libinput keyboard catchall"
[    84.694] (II) LoadModule: "libinput"
[    84.694] (II) Loading /usr/lib/xorg/modules/input/libinput_drv.so
[    84.696] (II) Module libinput: vendor="X.Org Foundation"
[    84.696] 	compiled for 1.20.1, module version = 0.28.1
[    84.696] 	Module class: X.Org XInput Driver
[    84.696] 	ABI class: X.Org XInput driver, version 24.1
[    84.696] (II) Using input driver 'libinput' for 'Power Button'
[    84.697] (II) systemd-logind: got fd for /dev/input/event2 13:66 fd 22 paused 0
[    84.697] (**) Power Button: always reports core events
[    84.697] (**) Option "Device" "/dev/input/event2"
[    84.697] (**) Option "_source" "server/udev"
[    84.698] (II) event2  - Power Button: is tagged by udev as: Keyboard
[    84.698] (II) event2  - Power Button: device is a keyboard
[    84.698] (II) event2  - Power Button: device removed
[    84.698] (**) Option "config_info" "udev:/sys/devices/LNXSYSTM:00/LNXPWRBN:00/input/input2/event2"
[    84.698] (II) XINPUT: Adding extended input device "Power Button" (type: KEYBOARD, id 6)
[    84.698] (**) Option "xkb_model" "pc105"
[    84.698] (**) Option "xkb_layout" "us"
[    84.699] (II) event2  - Power Button: is tagged by udev as: Keyboard
[    84.699] (II) event2  - Power Button: device is a keyboard
[    84.700] (II) config/udev: Adding input device Video Bus (/dev/input/event11)
[    84.700] (**) Video Bus: Applying InputClass "libinput keyboard catchall"
[    84.700] (II) Using input driver 'libinput' for 'Video Bus'
[    84.700] (II) systemd-logind: got fd for /dev/input/event11 13:75 fd 25 paused 0
[    84.700] (**) Video Bus: always reports core events
[    84.700] (**) Option "Device" "/dev/input/event11"
[    84.700] (**) Option "_source" "server/udev"
[    84.701] (II) event11 - Video Bus: is tagged by udev as: Keyboard
[    84.701] (II) event11 - Video Bus: device is a keyboard
[    84.701] (II) event11 - Video Bus: device removed
[    84.701] (**) Option "config_info" "udev:/sys/devices/LNXSYSTM:00/LNXSYBUS:00/PNP0A08:00/LNXVIDEO:00/input/input12/event11"
[    84.701] (II) XINPUT: Adding extended input device "Video Bus" (type: KEYBOARD, id 7)
[    84.701] (**) Option "xkb_model" "pc105"
[    84.701] (**) Option "xkb_layout" "us"
[    84.702] (II) event11 - Video Bus: is tagged by udev as: Keyboard
[    84.702] (II) event11 - Video Bus: device is a keyboard
[    84.702] (II) config/udev: Adding input device Lid Switch (/dev/input/event0)
[    84.703] (II) No input driver specified, ignoring this device.
[    84.703] (II) This device may have been added with another device file.
[    84.703] (II) config/udev: Adding input device Sleep Button (/dev/input/event1)
[    84.703] (**) Sleep Button: Applying InputClass "libinput keyboard catchall"
[    84.703] (II) Using input driver 'libinput' for 'Sleep Button'
[    84.705] (II) systemd-logind: got fd for /dev/input/event1 13:65 fd 26 paused 0
[    84.705] (**) Sleep Button: always reports core events
[    84.705] (**) Option "Device" "/dev/input/event1"
[    84.705] (**) Option "_source" "server/udev"
[    84.705] (II) event1  - Sleep Button: is tagged by udev as: Keyboard
[    84.705] (II) event1  - Sleep Button: device is a keyboard
[    84.705] (II) event1  - Sleep Button: device removed
[    84.705] (**) Option "config_info" "udev:/sys/devices/LNXSYSTM:00/LNXSYBUS:00/PNP0C0E:00/input/input1/event1"
[    84.705] (II) XINPUT: Adding extended input device "Sleep Button" (type: KEYBOARD, id 8)
[    84.705] (**) Option "xkb_model" "pc105"
[    84.705] (**) Option "xkb_layout" "us"
[    84.706] (II) event1  - Sleep Button: is tagged by udev as: Keyboard
[    84.706] (II) event1  - Sleep Button: device is a keyboard
[    84.707] (II) config/udev: Adding input device HDA Intel HDMI HDMI/DP,pcm=3 (/dev/input/event13)
[    84.707] (II) No input driver specified, ignoring this device.
[    84.707] (II) This device may have been added with another device file.
[    84.707] (II) config/udev: Adding input device HDA Intel HDMI HDMI/DP,pcm=7 (/dev/input/event14)
[    84.708] (II) No input driver specified, ignoring this device.
[    84.708] (II) This device may have been added with another device file.
[    84.708] (II) config/udev: Adding input device HDA Intel HDMI HDMI/DP,pcm=8 (/dev/input/event15)
[    84.708] (II) No input driver specified, ignoring this device.
[    84.708] (II) This device may have been added with another device file.
[    84.708] (II) config/udev: Adding input device HDA Intel HDMI HDMI/DP,pcm=9 (/dev/input/event16)
[    84.708] (II) No input driver specified, ignoring this device.
[    84.708] (II) This device may have been added with another device file.
[    84.708] (II) config/udev: Adding input device HDA Intel HDMI HDMI/DP,pcm=10 (/dev/input/event17)
[    84.708] (II) No input driver specified, ignoring this device.
[    84.709] (II) This device may have been added with another device file.
[    84.709] (II) config/udev: Adding input device Integrated Camera: Integrated C (/dev/input/event12)
[    84.709] (**) Integrated Camera: Integrated C: Applying InputClass "libinput keyboard catchall"
[    84.709] (II) Using input driver 'libinput' for 'Integrated Camera: Integrated C'
[    84.710] (II) systemd-logind: got fd for /dev/input/event12 13:76 fd 27 paused 0
[    84.710] (**) Integrated Camera: Integrated C: always reports core events
[    84.710] (**) Option "Device" "/dev/input/event12"
[    84.710] (**) Option "_source" "server/udev"
[    84.711] (II) event12 - Integrated Camera: Integrated C: is tagged by udev as: Keyboard
[    84.711] (II) event12 - Integrated Camera: Integrated C: device is a keyboard
[    84.711] (II) event12 - Integrated Camera: Integrated C: device removed
[    84.711] (**) Option "config_info" "udev:/sys/devices/pci0000:00/0000:00:14.0/usb2/2-8/2-8:1.0/input/input13/event12"
[    84.711] (II) XINPUT: Adding extended input device "Integrated Camera: Integrated C" (type: KEYBOARD, id 9)
[    84.711] (**) Option "xkb_model" "pc105"
[    84.711] (**) Option "xkb_layout" "us"
[    84.711] (II) event12 - Integrated Camera: Integrated C: is tagged by udev as: Keyboard
[    84.711] (II) event12 - Integrated Camera: Integrated C: device is a keyboard
[    84.712] (II) config/udev: Adding input device HDA Intel PCH Headphone (/dev/input/event9)
[    84.712] (II) No input driver specified, ignoring this device.
[    84.712] (II) This device may have been added with another device file.
[    84.712] (II) config/udev: Adding input device HDA Intel PCH Dock Mic (/dev/input/event6)
[    84.712] (II) No input driver specified, ignoring this device.
[    84.712] (II) This device may have been added with another device file.
[    84.713] (II) config/udev: Adding input device HDA Intel PCH Mic (/dev/input/event7)
[    84.713] (II) No input driver specified, ignoring this device.
[    84.713] (II) This device may have been added with another device file.
[    84.713] (II) config/udev: Adding input device HDA Intel PCH Dock Headphone (/dev/input/event8)
[    84.713] (II) No input driver specified, ignoring this device.
[    84.713] (II) This device may have been added with another device file.
[    84.714] (II) config/udev: Adding input device AT Translated Set 2 keyboard (/dev/input/event3)
[    84.714] (**) AT Translated Set 2 keyboard: Applying InputClass "libinput keyboard catchall"
[    84.714] (II) Using input driver 'libinput' for 'AT Translated Set 2 keyboard'
[    84.715] (II) systemd-logind: got fd for /dev/input/event3 13:67 fd 28 paused 0
[    84.715] (**) AT Translated Set 2 keyboard: always reports core events
[    84.715] (**) Option "Device" "/dev/input/event3"
[    84.715] (**) Option "_source" "server/udev"
[    84.715] (II) event3  - AT Translated Set 2 keyboard: is tagged by udev as: Keyboard
[    84.715] (II) event3  - AT Translated Set 2 keyboard: device is a keyboard
[    84.715] (II) event3  - AT Translated Set 2 keyboard: device removed
[    84.715] (**) Option "config_info" "udev:/sys/devices/platform/i8042/serio0/input/input3/event3"
[    84.715] (II) XINPUT: Adding extended input device "AT Translated Set 2 keyboard" (type: KEYBOARD, id 10)
[    84.715] (**) Option "xkb_model" "pc105"
[    84.715] (**) Option "xkb_layout" "us"
[    84.716] (II) event3  - AT Translated Set 2 keyboard: is tagged by udev as: Keyboard
[    84.716] (II) event3  - AT Translated Set 2 keyboard: device is a keyboard
[    84.717] (II) config/udev: Adding input device SynPS/2 Synaptics TouchPad (/dev/input/event4)
[    84.717] (**) SynPS/2 Synaptics TouchPad: Applying InputClass "libinput touchpad catchall"
[    84.717] (II) Using input driver 'libinput' for 'SynPS/2 Synaptics TouchPad'
[    84.717] (II) systemd-logind: got fd for /dev/input/event4 13:68 fd 29 paused 0
[    84.717] (**) SynPS/2 Synaptics TouchPad: always reports core events
[    84.717] (**) Option "Device" "/dev/input/event4"
[    84.717] (**) Option "_source" "server/udev"
[    84.718] (II) event4  - SynPS/2 Synaptics TouchPad: is tagged by udev as: Touchpad
[    84.718] (II) event4  - SynPS/2 Synaptics TouchPad: device is a touchpad
[    84.718] (II) event4  - SynPS/2 Synaptics TouchPad: device removed
[    84.718] (**) Option "config_info" "udev:/sys/devices/platform/i8042/serio1/input/input5/event4"
[    84.718] (II) XINPUT: Adding extended input device "SynPS/2 Synaptics TouchPad" (type: TOUCHPAD, id 11)
[    84.719] (**) Option "AccelerationScheme" "none"
[    84.719] (**) SynPS/2 Synaptics TouchPad: (accel) selected scheme none/0
[    84.719] (**) SynPS/2 Synaptics TouchPad: (accel) acceleration factor: 2.000
[    84.719] (**) SynPS/2 Synaptics TouchPad: (accel) acceleration threshold: 4
[    84.719] (II) event4  - SynPS/2 Synaptics TouchPad: is tagged by udev as: Touchpad
[    84.719] (II) event4  - SynPS/2 Synaptics TouchPad: device is a touchpad
[    84.720] (II) config/udev: Adding input device SynPS/2 Synaptics TouchPad (/dev/input/mouse0)
[    84.720] (II) No input driver specified, ignoring this device.
[    84.720] (II) This device may have been added with another device file.
[    84.720] (II) config/udev: Adding input device TPPS/2 IBM TrackPoint (/dev/input/event5)
[    84.720] (**) TPPS/2 IBM TrackPoint: Applying InputClass "libinput pointer catchall"
[    84.720] (II) Using input driver 'libinput' for 'TPPS/2 IBM TrackPoint'
[    84.721] (II) systemd-logind: got fd for /dev/input/event5 13:69 fd 30 paused 0
[    84.721] (**) TPPS/2 IBM TrackPoint: always reports core events
[    84.721] (**) Option "Device" "/dev/input/event5"
[    84.721] (**) Option "_source" "server/udev"
[    84.722] (II) event5  - TPPS/2 IBM TrackPoint: is tagged by udev as: Mouse Pointingstick
[    84.722] (II) event5  - TPPS/2 IBM TrackPoint: trackpoint device set to range 31
[    84.722] (II) event5  - TPPS/2 IBM TrackPoint: device is a pointer
[    84.722] (II) event5  - TPPS/2 IBM TrackPoint: device removed
[    84.722] (**) Option "config_info" "udev:/sys/devices/platform/i8042/serio1/serio2/input/input6/event5"
[    84.722] (II) XINPUT: Adding extended input device "TPPS/2 IBM TrackPoint" (type: MOUSE, id 12)
[    84.722] (**) Option "AccelerationScheme" "none"
[    84.722] (**) TPPS/2 IBM TrackPoint: (accel) selected scheme none/0
[    84.722] (**) TPPS/2 IBM TrackPoint: (accel) acceleration factor: 2.000
[    84.722] (**) TPPS/2 IBM TrackPoint: (accel) acceleration threshold: 4
[    84.723] (II) event5  - TPPS/2 IBM TrackPoint: is tagged by udev as: Mouse Pointingstick
[    84.723] (II) event5  - TPPS/2 IBM TrackPoint: trackpoint device set to range 31
[    84.723] (II) event5  - TPPS/2 IBM TrackPoint: device is a pointer
[    84.724] (II) config/udev: Adding input device TPPS/2 IBM TrackPoint (/dev/input/mouse1)
[    84.724] (II) No input driver specified, ignoring this device.
[    84.724] (II) This device may have been added with another device file.
[    84.726] (II) config/udev: Adding input device ThinkPad Extra Buttons (/dev/input/event10)
[    84.726] (**) ThinkPad Extra Buttons: Applying InputClass "libinput keyboard catchall"
[    84.726] (II) Using input driver 'libinput' for 'ThinkPad Extra Buttons'
[    84.727] (II) systemd-logind: got fd for /dev/input/event10 13:74 fd 31 paused 0
[    84.727] (**) ThinkPad Extra Buttons: always reports core events
[    84.727] (**) Option "Device" "/dev/input/event10"
[    84.727] (**) Option "_source" "server/udev"
[    84.728] (II) event10 - ThinkPad Extra Buttons: is tagged by udev as: Keyboard Switch
[    84.728] (II) event10 - ThinkPad Extra Buttons: device is a keyboard
[    84.728] (II) event10 - ThinkPad Extra Buttons: device removed
[    84.728] (**) Option "config_info" "udev:/sys/devices/platform/thinkpad_acpi/input/input11/event10"
[    84.728] (II) XINPUT: Adding extended input device "ThinkPad Extra Buttons" (type: KEYBOARD, id 13)
[    84.728] (**) Option "xkb_model" "pc105"
[    84.728] (**) Option "xkb_layout" "us"
[    84.729] (II) event10 - ThinkPad Extra Buttons: is tagged by udev as: Keyboard Switch
[    84.729] (II) event10 - ThinkPad Extra Buttons: device is a keyboard
[    85.163] (II) modeset(0): EDID vendor "BOE", prod id 1753
[    85.163] (II) modeset(0): Printing DDC gathered Modelines:
[    85.163] (II) modeset(0): Modeline "1366x768"x0.0   70.12  1366 1414 1446 1485  768 772 776 787 +hsync -vsync (47.2 kHz eP)
[   149.215] (II) config/udev: Adding input device Logitech USB Optical Mouse (/dev/input/mouse2)
[   149.215] (II) No input driver specified, ignoring this device.
[   149.215] (II) This device may have been added with another device file.
[   149.255] (II) config/udev: Adding input device Logitech USB Optical Mouse (/dev/input/event18)
[   149.255] (**) Logitech USB Optical Mouse: Applying InputClass "libinput pointer catchall"
[   149.255] (II) Using input driver 'libinput' for 'Logitech USB Optical Mouse'
[   149.256] (II) systemd-logind: got fd for /dev/input/event18 13:82 fd 63 paused 0
[   149.256] (**) Logitech USB Optical Mouse: always reports core events
[   149.256] (**) Option "Device" "/dev/input/event18"
[   149.256] (**) Option "_source" "server/udev"
[   149.257] (II) event18 - Logitech USB Optical Mouse: is tagged by udev as: Mouse
[   149.257] (II) event18 - Logitech USB Optical Mouse: device is a pointer
[   149.257] (II) event18 - Logitech USB Optical Mouse: device removed
[   149.257] (**) Option "config_info" "udev:/sys/devices/pci0000:00/0000:00:14.0/usb2/2-1/2-1:1.0/0003:046D:C077.0001/input/input19/event18"
[   149.257] (II) XINPUT: Adding extended input device "Logitech USB Optical Mouse" (type: MOUSE, id 14)
[   149.261] (**) Option "AccelerationScheme" "none"
[   149.262] (**) Logitech USB Optical Mouse: (accel) selected scheme none/0
[   149.262] (**) Logitech USB Optical Mouse: (accel) acceleration factor: 2.000
[   149.262] (**) Logitech USB Optical Mouse: (accel) acceleration threshold: 4
[   149.262] (II) event18 - Logitech USB Optical Mouse: is tagged by udev as: Mouse
[   149.263] (II) event18 - Logitech USB Optical Mouse: device is a pointer
[  1752.314] (II) config/udev: removing device Logitech USB Optical Mouse
[  1752.314] (**) Option "fd" "63"
[  1752.314] (II) event18 - Logitech USB Optical Mouse: device removed
[  1752.318] (II) UnloadModule: "libinput"
[  1752.318] (II) systemd-logind: releasing fd for 13:82
[  1758.818] (II) config/udev: Adding input device GeneralPlus USB Audio Device (/dev/input/event18)
[  1758.818] (**) GeneralPlus USB Audio Device: Applying InputClass "libinput keyboard catchall"
[  1758.818] (II) Using input driver 'libinput' for 'GeneralPlus USB Audio Device'
[  1758.835] (II) systemd-logind: got fd for /dev/input/event18 13:82 fd 67 paused 0
[  1758.835] (**) GeneralPlus USB Audio Device: always reports core events
[  1758.835] (**) Option "Device" "/dev/input/event18"
[  1758.835] (**) Option "_source" "server/udev"
[  1758.836] (II) event18 - GeneralPlus USB Audio Device: is tagged by udev as: Keyboard
[  1758.836] (II) event18 - GeneralPlus USB Audio Device: device is a keyboard
[  1758.836] (II) event18 - GeneralPlus USB Audio Device: device removed
[  1758.837] (**) Option "config_info" "udev:/sys/devices/pci0000:00/0000:00:14.0/usb2/2-1/2-1:1.3/0003:1B3F:2008.0002/input/input20/event18"
[  1758.837] (II) XINPUT: Adding extended input device "GeneralPlus USB Audio Device" (type: KEYBOARD, id 14)
[  1758.837] (**) Option "xkb_model" "pc105"
[  1758.837] (**) Option "xkb_layout" "us"
[  1758.837] (WW) Option "xkb_variant" requires a string value
[  1758.837] (WW) Option "xkb_options" requires a string value
[  1758.839] (II) event18 - GeneralPlus USB Audio Device: is tagged by udev as: Keyboard
[  1758.839] (II) event18 - GeneralPlus USB Audio Device: device is a keyboard
[  2765.174] (II) config/udev: removing device GeneralPlus USB Audio Device
[  2765.175] (**) Option "fd" "67"
[  2765.175] (II) event18 - GeneralPlus USB Audio Device: device removed
[  2765.177] (II) UnloadModule: "libinput"
[  2765.177] (II) systemd-logind: releasing fd for 13:82
[  2828.452] (II) config/udev: Adding input device Logitech USB Optical Mouse (/dev/input/mouse2)
[  2828.452] (II) No input driver specified, ignoring this device.
[  2828.452] (II) This device may have been added with another device file.
[  2828.507] (II) config/udev: Adding input device Logitech USB Optical Mouse (/dev/input/event18)
[  2828.507] (**) Logitech USB Optical Mouse: Applying InputClass "libinput pointer catchall"
[  2828.507] (II) Using input driver 'libinput' for 'Logitech USB Optical Mouse'
[  2828.510] (II) systemd-logind: got fd for /dev/input/event18 13:82 fd 79 paused 0
[  2828.510] (**) Logitech USB Optical Mouse: always reports core events
[  2828.510] (**) Option "Device" "/dev/input/event18"
[  2828.510] (**) Option "_source" "server/udev"
[  2828.511] (II) event18 - Logitech USB Optical Mouse: is tagged by udev as: Mouse
[  2828.511] (II) event18 - Logitech USB Optical Mouse: device is a pointer
[  2828.511] (II) event18 - Logitech USB Optical Mouse: device removed
[  2828.511] (**) Option "config_info" "udev:/sys/devices/pci0000:00/0000:00:14.0/usb2/2-1/2-1:1.0/0003:046D:C077.0003/input/input21/event18"
[  2828.512] (II) XINPUT: Adding extended input device "Logitech USB Optical Mouse" (type: MOUSE, id 14)
[  2828.514] (**) Option "AccelerationScheme" "none"
[  2828.515] (**) Logitech USB Optical Mouse: (accel) selected scheme none/0
[  2828.515] (**) Logitech USB Optical Mouse: (accel) acceleration factor: 2.000
[  2828.515] (**) Logitech USB Optical Mouse: (accel) acceleration threshold: 4
[  2828.515] (II) event18 - Logitech USB Optical Mouse: is tagged by udev as: Mouse
[  2828.515] (II) event18 - Logitech USB Optical Mouse: device is a pointer
[ 11287.684] (EE) event4  - SynPS/2 Synaptics TouchPad: kernel bug: Touch jump detected and discarded.
See https://wayland.freedesktop.org/libinput/doc/1.10.4/touchpad_jumping_cursor.html for details
[ 19181.138] (II) modeset(0): EDID vendor "BOE", prod id 1753
[ 19181.138] (II) modeset(0): Printing DDC gathered Modelines:
[ 19181.138] (II) modeset(0): Modeline "1366x768"x0.0   70.12  1366 1414 1446 1485  768 772 776 787 +hsync -vsync (47.2 kHz eP)
